<?xml version="1.0" encoding="UTF-8"?>
<testsuite name="Servicio crear intencion de compra con resultado fallido" tests="16" skipped="0" failures="0" errors="0" timestamp="2021-11-04T23:40:22" hostname="50HW015303" time="27.395">
  <properties/>
  <testcase name="Crear intencion de compra con campos faltantes en su estructura" classname="Servicio crear intencion de compra con resultado fallido" time="12.369"/>
  <testcase name="Crear intencion de compra con campos faltantes en su estructura" classname="Servicio crear intencion de compra con resultado fallido" time="0.853"/>
  <testcase name="Crear intencion de compra con campos faltantes en su estructura" classname="Servicio crear intencion de compra con resultado fallido" time="1.028"/>
  <testcase name="Crear intencion de compra con campos faltantes en su estructura" classname="Servicio crear intencion de compra con resultado fallido" time="0.822"/>
  <testcase name="Crear intencion de compra con campos faltantes en su estructura" classname="Servicio crear intencion de compra con resultado fallido" time="1.01"/>
  <testcase name="Crear intencion de compra con campos faltantes en su estructura" classname="Servicio crear intencion de compra con resultado fallido" time="0.868"/>
  <testcase name="Crear intencion de compra con campos faltantes en su estructura" classname="Servicio crear intencion de compra con resultado fallido" time="0.785"/>
  <testcase name="Crear intencion de compra con campos faltantes en su estructura" classname="Servicio crear intencion de compra con resultado fallido" time="0.84"/>
  <testcase name="Crear intencion de compra con campos faltantes en su estructura" classname="Servicio crear intencion de compra con resultado fallido" time="0.828"/>
  <testcase name="Crear intencion de compra con campos faltantes en su estructura" classname="Servicio crear intencion de compra con resultado fallido" time="0.841"/>
  <testcase name="Crear intencion de compra con campos faltantes en su estructura" classname="Servicio crear intencion de compra con resultado fallido" time="0.869"/>
  <testcase name="Crear intencion de compra con campos faltantes en su estructura" classname="Servicio crear intencion de compra con resultado fallido" time="0.817"/>
  <testcase name="Crear intencion de compra con campos faltantes en su estructura" classname="Servicio crear intencion de compra con resultado fallido" time="0.954"/>
  <testcase name="Crear intencion de compra con campos faltantes en su estructura" classname="Servicio crear intencion de compra con resultado fallido" time="0.829"/>
  <testcase name="Crear intencion de compra con campos faltantes en su estructura" classname="Servicio crear intencion de compra con resultado fallido" time="0.876"/>
  <testcase name="Crear intencion de compra con campos faltantes en su estructura" classname="Servicio crear intencion de compra con resultado fallido" time="2.761"/>
  <system-out><![CDATA[Request method:	POST
Request URI:	https://api-qa.apps.ambientesbc.com/ext/testing/v1/sales-services/servicing/payment-initiation/qr-codes/intention
Proxy:			<none>
Request params:	<none>
Query params:	<none>
Form params:	<none>
Path params:	<none>
Headers:		x-ibm-client-secret=M7gM2tR7mY3wP2mG3xV8dN4wE1kY1lI2dG3bL6xR8wU1fX5vB8
				X-IBM-Client-Id=68896986-d80e-454e-b73f-907f214d0504
				message-id=ssrojas
				Accept=*/*
				Content-Type=application/json; charset=UTF-8
Cookies:		<none>
Multiparts:		<none>
Body:
{
    "data": {
        "intentionDetail": {
            "qrId": "",
            "amount": "200000"
        }
    }
}
HTTP/1.1 400 Bad Request
X-Backside-Transport: OK OK
Connection: Keep-Alive
Transfer-Encoding: chunked
Content-type: application/vnd.bancolombia.v4+json; charset=utf-8
API-Version: 1.0.1
RateLimit-Limit: 1/minute
Message-id: ssrojas
Strict-Transport-Security: max-age=31536000; includeSubDomains
X-Frame-Options: DENY
Content-Security-Policy: default-src 'self' *.bancolombia.com
X-Content-Type-Options: nosniff
Cache-Control: private, no-cache, no-store, max-age=0, no-transfor
Pragma: no-cache
Expires: 0
Content-Encoding: gzip
Set-Cookie: visid_incap_2677978=fZLgKTBoQdyfHZTyt0qu46BvhGEAAAAAQUIPAAAAAABMyGS18d3M/ZcpgSW8oMWl; expires=Fri, 04 Nov 2022 12:10:18 GMT; HttpOnly; path=/; Domain=.apps.ambientesbc.com; Secure; SameSite=None
Set-Cookie: nlbi_2677978=6d5zMHtQ+F4K75DPqDancAAAAADZGeP1SsGuItpKLFjzd0FF; path=/; Domain=.apps.ambientesbc.com; Secure; SameSite=None
Set-Cookie: incap_ses_468_2677978=/vZcasEfsWFXAZPxEKx+BqBvhGEAAAAAu9bz/GxmckIQcf00DR0Jzg==; path=/; Domain=.apps.ambientesbc.com; Secure; SameSite=None
Set-Cookie: ___utmvmKEukOSoZ=rwcnrpLQJcI; path=/; Max-Age=900; Secure; SameSite=None
Set-Cookie: ___utmvaKEukOSoZ=nbn?PQbY; path=/; Max-Age=900; Secure; SameSite=None
Set-Cookie: ___utmvbKEukOSoZ=iZf XiSOEalC: FtE; path=/; Max-Age=900; Secure; SameSite=None
X-CDN: Imperva
X-Iinfo: 3-39151794-39151839 NNNN CT(30 30 0) RT(1636069280512 178) q(0 0 1 -1) r(2 2) U6

{
    "meta": {
        "_messageId": "ssrojas",
        "_requestDateTime": "2021-11-04T18:41:20.847Z",
        "_applicationId": "68896986-d80e-454e-b73f-907f214d0504"
    },
    "status": 400,
    "title": "Bad Request",
    "errors": [
        {
            "code": "SA400",
            "detail": "El campo qrId no se esta enviando en la peticion, válida la firma"
        }
    ]
}
Request method:	POST
Request URI:	https://api-qa.apps.ambientesbc.com/ext/testing/v1/sales-services/servicing/payment-initiation/qr-codes/intention
Proxy:			<none>
Request params:	<none>
Query params:	<none>
Form params:	<none>
Path params:	<none>
Headers:		x-ibm-client-secret=M7gM2tR7mY3wP2mG3xV8dN4wE1kY1lI2dG3bL6xR8wU1fX5vB8
				X-IBM-Client-Id=68896986-d80e-454e-b73f-907f214d0504
				message-id=ssrojas
				Accept=*/*
				Content-Type=application/json; charset=UTF-8
Cookies:		<none>
Multiparts:		<none>
Body:
{
    "data": {
        "intentionDetail": {
            "qrId": "8e43d809-53fd-4495-b44d-91df3963dc11",
            "amount": ""
        }
    }
}
HTTP/1.1 400 Bad Request
X-Backside-Transport: OK OK
Connection: Keep-Alive
Transfer-Encoding: chunked
Content-type: application/vnd.bancolombia.v4+json; charset=utf-8
API-Version: 1.0.1
RateLimit-Limit: 1/minute
Message-id: ssrojas
Strict-Transport-Security: max-age=31536000; includeSubDomains
X-Frame-Options: DENY
Content-Security-Policy: default-src 'self' *.bancolombia.com
X-Content-Type-Options: nosniff
Cache-Control: private, no-cache, no-store, max-age=0, no-transfor
Pragma: no-cache
Expires: 0
Content-Encoding: gzip
Set-Cookie: visid_incap_2677978=lQbetThXSO+VwKp6r/TZKqFvhGEAAAAAQUIPAAAAAABKG+91mSw16jKKZNjZCOYD; expires=Fri, 04 Nov 2022 12:10:18 GMT; HttpOnly; path=/; Domain=.apps.ambientesbc.com; Secure; SameSite=None
Set-Cookie: nlbi_2677978=sXd4X0k8Ri4+3IimqDancAAAAAAunt5CtACPbVJFzOAUKPBI; path=/; Domain=.apps.ambientesbc.com; Secure; SameSite=None
Set-Cookie: incap_ses_468_2677978=m9PKEPTfNiaCApPxEKx+BqFvhGEAAAAATawPTxsWB6e7nuom3nCfQg==; path=/; Domain=.apps.ambientesbc.com; Secure; SameSite=None
Set-Cookie: ___utmvmKEukOSoZ=mZEwXXoHpNv; path=/; Max-Age=900; Secure; SameSite=None
Set-Cookie: ___utmvaKEukOSoZ=IlV?wRKU; path=/; Max-Age=900; Secure; SameSite=None
Set-Cookie: ___utmvbKEukOSoZ=cZw XxCOkalm: cts; path=/; Max-Age=900; Secure; SameSite=None
X-CDN: Imperva
X-Iinfo: 5-55493272-55493353 NNNN CT(28 28 0) RT(1636069281426 383) q(0 0 0 -1) r(1 1) U6

{
    "meta": {
        "_messageId": "ssrojas",
        "_requestDateTime": "2021-11-04T18:41:21.957Z",
        "_applicationId": "68896986-d80e-454e-b73f-907f214d0504"
    },
    "status": 400,
    "title": "Bad Request",
    "errors": [
        {
            "code": "SA400",
            "detail": "El campo: amount de formato Decimal, no ha sido enviando o se esta enviando vacio"
        }
    ]
}
Request method:	POST
Request URI:	https://api-qa.apps.ambientesbc.com/ext/testing/v1/sales-services/servicing/payment-initiation/qr-codes/intention
Proxy:			<none>
Request params:	<none>
Query params:	<none>
Form params:	<none>
Path params:	<none>
Headers:		X-IBM-Client-Id=68896986-d80e-454e-b73f-907f214d0504
				message-id=ssrojas
				Accept=*/*
				Content-Type=application/json; charset=UTF-8
Cookies:		<none>
Multiparts:		<none>
Body:
{
    "data": {
        "intentionDetail": {
            "qrId": "5460d419-fba8-4de5-b539-be3b9c75e567",
            "reference": "Pago de factura con Método QR - Recibido por caja # 7"
        },
        "invoice": {
            "commerceInvoiceId": "PT-546222648suc-cali#18norte"
        },
        "customer": {
            "customerLoyaltyId": "Ptoscolombia -121233"
        }
    }
}
HTTP/1.1 401 Unauthorized
Content-Type: application/json
WWW-Authenticate: default
X-Backside-Transport: OK OK
Connection: close
Set-Cookie: visid_incap_2677978=bSehqCZySSiqq63+6wgQm6JvhGEAAAAAQUIPAAAAAAAAoLW6LouCuhV5CJ8fZbo8; expires=Fri, 04 Nov 2022 12:10:19 GMT; HttpOnly; path=/; Domain=.apps.ambientesbc.com; Secure; SameSite=None
Set-Cookie: nlbi_2677978=6r0dQ3UkAwvP0tMTqDancAAAAACVHPWx6cGoZKbCI3vCE+JO; path=/; Domain=.apps.ambientesbc.com; Secure; SameSite=None
Set-Cookie: incap_ses_468_2677978=EChZKYHrJWaHA5PxEKx+BqJvhGEAAAAAvAAeYgsNeN2YwUiID+e3Wg==; path=/; Domain=.apps.ambientesbc.com; Secure; SameSite=None
Set-Cookie: ___utmvmKEukOSoZ=JAvOUGlSmlt; path=/; Max-Age=900; Secure; SameSite=None
Set-Cookie: ___utmvaKEukOSoZ=GSU?XeZp; path=/; Max-Age=900; Secure; SameSite=None
Set-Cookie: ___utmvbKEukOSoZ=iZr XWAOZalE: BtU; path=/; Max-Age=900; Secure; SameSite=None
Strict-Transport-Security: max-age=31536000
X-CDN: Imperva
Content-Encoding: gzip
Transfer-Encoding: chunked
X-Iinfo: 1-24444191-24444237 NNYN CT(28 29 0) RT(1636069282127 636) q(0 0 1 -1) r(1 1) U6
Proxy-Support: Session-Based-Authentication

{
    "httpCode": "401",
    "httpMessage": "Unauthorized",
    "moreInformation": "Invalid client id or secret."
}
Request method:	POST
Request URI:	https://api-qa.apps.ambientesbc.com/ext/testing/v1/sales-services/servicing/payment-initiation/qr-codes/intention
Proxy:			<none>
Request params:	<none>
Query params:	<none>
Form params:	<none>
Path params:	<none>
Headers:		Accept=*/*
				Content-Type=application/json; charset=UTF-8
Cookies:		<none>
Multiparts:		<none>
Body:
{
    "data": {
        "intentionDetail": {
            "qrId": "0b66dbfa-e918-4d23-9dc6-67807c798fda",
            "reference": "Pago de factura con Método QR - Recibido por caja # 7"
        },
        "invoice": {
            "commerceInvoiceId": "PT-1750940501suc-cali#18norte"
        },
        "customer": {
            "customerLoyaltyId": "Ptoscolombia -121233"
        }
    }
}
HTTP/1.1 401 Unauthorized
Content-Type: application/json
WWW-Authenticate: default
X-Backside-Transport: OK OK
Connection: close
Set-Cookie: visid_incap_2677978=EOQf2rR0QM6gvRGnBLwN3qNvhGEAAAAAQUIPAAAAAAAdtbhmAgbu6pKoDCLHnux+; expires=Fri, 04 Nov 2022 12:10:20 GMT; HttpOnly; path=/; Domain=.apps.ambientesbc.com; Secure; SameSite=None
Set-Cookie: nlbi_2677978=yj3xfzeTw2F9MNq4qDancAAAAABU/jtRbcFdN/rsrWtSQ5ZG; path=/; Domain=.apps.ambientesbc.com; Secure; SameSite=None
Set-Cookie: incap_ses_468_2677978=Y3g9Xua7xEmNBJPxEKx+BqNvhGEAAAAAtX9mRyaHESiCnpeWxrDTLQ==; path=/; Domain=.apps.ambientesbc.com; Secure; SameSite=None
Set-Cookie: ___utmvmKEukOSoZ=RCbsQLflcYK; path=/; Max-Age=900; Secure; SameSite=None
Set-Cookie: ___utmvaKEukOSoZ=rdf?BQGe; path=/; Max-Age=900; Secure; SameSite=None
Set-Cookie: ___utmvbKEukOSoZ=nZM XcpOsalr: ptX; path=/; Max-Age=900; Secure; SameSite=None
Strict-Transport-Security: max-age=31536000
X-CDN: Imperva
Content-Encoding: gzip
Transfer-Encoding: chunked
X-Iinfo: 2-29187688-29187737 NNYN CT(28 32 0) RT(1636069283275 424) q(0 1 1 -1) r(2 2) U6
Proxy-Support: Session-Based-Authentication

{
    "httpCode": "401",
    "httpMessage": "Unauthorized",
    "moreInformation": "Invalid client id or secret."
}
Request method:	POST
Request URI:	https://api-qa.apps.ambientesbc.com/ext/testing/v1/sales-services/servicing/payment-initiation/qr-codes/intention
Proxy:			<none>
Request params:	<none>
Query params:	<none>
Form params:	<none>
Path params:	<none>
Headers:		x-ibm-client-secret=M7gM2tR7mY3wP2mG3xV8dN4wE1kY1lI2dG3bL6xR8wU1fX5vB8
				X-IBM-Client-Id=68896986-d80e-454e-b73f-907f214d0504
				message-id=ssrojas
				Accept=*/*
				Content-Type=application/json; charset=UTF-8
Cookies:		<none>
Multiparts:		<none>
Body:
{
    "data": {
        "intentionDetail": {
            "qrId": "2e850432-a8e6-472b-ac09-6eb9d44e6f12",
            "reference": "Pago de factura con Método QR - Recibido por caja # 7",
            "amount": "valor"
        },
        "invoice": {
            "commerceInvoiceId": "num fidelidad 123"
        },
        "customer": {
            "customerLoyaltyId": "0001"
        }
    }
}
HTTP/1.1 400 Bad Request
X-Backside-Transport: OK OK
Connection: Keep-Alive
Transfer-Encoding: chunked
Content-type: application/vnd.bancolombia.v4+json; charset=utf-8
API-Version: 1.0.1
RateLimit-Limit: 1/minute
Message-id: ssrojas
Strict-Transport-Security: max-age=31536000; includeSubDomains
X-Frame-Options: DENY
Content-Security-Policy: default-src 'self' *.bancolombia.com
X-Content-Type-Options: nosniff
Cache-Control: private, no-cache, no-store, max-age=0, no-transfor
Pragma: no-cache
Expires: 0
Content-Encoding: gzip
Set-Cookie: visid_incap_2677978=nX7Y3+XqQJu1Lp1QY8s7taRvhGEAAAAAQUIPAAAAAACzCss1/Ac9okXAzCetyRip; expires=Fri, 04 Nov 2022 12:10:19 GMT; HttpOnly; path=/; Domain=.apps.ambientesbc.com; Secure; SameSite=None
Set-Cookie: nlbi_2677978=vLmhfNVGiALDfqVFqDancAAAAAAyHJ76EOBdPjOo1syjk8hq; path=/; Domain=.apps.ambientesbc.com; Secure; SameSite=None
Set-Cookie: incap_ses_468_2677978=C+7/OwhDrlx5BZPxEKx+BqRvhGEAAAAAT3ESWtrEjtWN66qLemwr5Q==; path=/; Domain=.apps.ambientesbc.com; Secure; SameSite=None
Set-Cookie: ___utmvmKEukOSoZ=nbyIutIhpiv; path=/; Max-Age=900; Secure; SameSite=None
Set-Cookie: ___utmvaKEukOSoZ=ahh?JcRk; path=/; Max-Age=900; Secure; SameSite=None
Set-Cookie: ___utmvbKEukOSoZ=LZg XpvOoalv: atl; path=/; Max-Age=900; Secure; SameSite=None
X-CDN: Imperva
X-Iinfo: 1-24444462-24444511 NNNN CT(28 33 0) RT(1636069284158 426) q(0 0 1 -1) r(2 2) U6

{
    "meta": {
        "_messageId": "ssrojas",
        "_requestDateTime": "2021-11-04T18:41:24.740Z",
        "_applicationId": "68896986-d80e-454e-b73f-907f214d0504"
    },
    "status": 400,
    "title": "Bad Request",
    "errors": [
        {
            "code": "SA400",
            "detail": "El campo:amount de formato Decimal, no cumple con la especificacion de la firma"
        }
    ]
}
Request method:	POST
Request URI:	https://api-qa.apps.ambientesbc.com/ext/testing/v1/sales-services/servicing/payment-initiation/qr-codes/intention
Proxy:			<none>
Request params:	<none>
Query params:	<none>
Form params:	<none>
Path params:	<none>
Headers:		x-ibm-client-secret=M7gM2tR7mY3wP2mG3xV8dN4wE1kY1lI2dG3bL6xR8wU1fX5vB8
				X-IBM-Client-Id=68896986-d80e-454e-b73f-907f214d0504
				message-id=ssrojas
				Accept=*/*
				Content-Type=application/json; charset=UTF-8
Cookies:		<none>
Multiparts:		<none>
Body:
{
    "data": {
        "intentionDetail": {
            "qrId": "2e850432-a8e6-472b-ac09-6eb9d44e6f12",
            "reference": "Pago de factura con Método QR - Recibido por caja # 7",
            "amount": "13400.567"
        },
        "invoice": {
            "commerceInvoiceId": "aqui el commerceid"
        },
        "customer": {
            "customerLoyaltyId": "0001"
        }
    }
}
HTTP/1.1 400 Bad Request
X-Backside-Transport: OK OK
Connection: Keep-Alive
Transfer-Encoding: chunked
Content-type: application/vnd.bancolombia.v4+json; charset=utf-8
API-Version: 1.0.1
RateLimit-Limit: 1/minute
Message-id: ssrojas
Strict-Transport-Security: max-age=31536000; includeSubDomains
X-Frame-Options: DENY
Content-Security-Policy: default-src 'self' *.bancolombia.com
X-Content-Type-Options: nosniff
Cache-Control: private, no-cache, no-store, max-age=0, no-transfor
Pragma: no-cache
Expires: 0
Content-Encoding: gzip
Set-Cookie: visid_incap_2677978=ZxrzlT9VQ7ywUv09n8e4vaVvhGEAAAAAQUIPAAAAAAA0VZ/Q0zCep7CPtf904TuA; expires=Fri, 04 Nov 2022 12:10:05 GMT; HttpOnly; path=/; Domain=.apps.ambientesbc.com; Secure; SameSite=None
Set-Cookie: nlbi_2677978=95uxMM5XaiA1AmPHqDancAAAAADyPdPm6KGsK8BRaDMdQpES; path=/; Domain=.apps.ambientesbc.com; Secure; SameSite=None
Set-Cookie: incap_ses_468_2677978=tsBwdtEERg9zBpPxEKx+BqVvhGEAAAAA+pk/Bbak4mCQHDXYgN1SuQ==; path=/; Domain=.apps.ambientesbc.com; Secure; SameSite=None
Set-Cookie: ___utmvmKEukOSoZ=BBriieTYOOv; path=/; Max-Age=900; Secure; SameSite=None
Set-Cookie: ___utmvaKEukOSoZ=ldJ?BFwM; path=/; Max-Age=900; Secure; SameSite=None
Set-Cookie: ___utmvbKEukOSoZ=xZi XEkOzalr: Ats; path=/; Max-Age=900; Secure; SameSite=None
X-CDN: Imperva
X-Iinfo: 8-45763338-45763423 NNNN CT(28 28 0) RT(1636069285119 414) q(0 0 0 -1) r(1 1) U6

{
    "meta": {
        "_messageId": "ssrojas",
        "_requestDateTime": "2021-11-04T18:41:25.683Z",
        "_applicationId": "68896986-d80e-454e-b73f-907f214d0504"
    },
    "status": 400,
    "title": "Bad Request",
    "errors": [
        {
            "code": "SA400",
            "detail": "El campo:amount de formato Decimal, no cumple con la especificacion de la firma"
        }
    ]
}
Request method:	POST
Request URI:	https://api-qa.apps.ambientesbc.com/ext/testing/v1/sales-services/servicing/payment-initiation/qr-codes/intention
Proxy:			<none>
Request params:	<none>
Query params:	<none>
Form params:	<none>
Path params:	<none>
Headers:		x-ibm-client-secret=M7gM2tR7mY3wP2mG3xV8dN4wE1kY1lI2dG3bL6xR8wU1fX5vB8
				X-IBM-Client-Id=68896986-d80e-454e-b73f-907f214d0504
				message-id=ssrojas
				Accept=*/*
				Content-Type=application/json; charset=UTF-8
Cookies:		<none>
Multiparts:		<none>
Body:
{
    "data": {
        "intentionDetail": {
            "qrId": "*l-.j4545df21-5eb07-b781-37abb3b",
            "reference": "Pago de factura con Método QR - Recibido por caja # 7",
            "amount": "13444"
        },
        "invoice": {
            "commerceInvoiceId": "al9087-6"
        },
        "customer": {
            "customerLoyaltyId": "0001"
        }
    }
}
HTTP/1.1 400 Bad Request
X-Backside-Transport: OK OK
Connection: Keep-Alive
Transfer-Encoding: chunked
Content-type: application/vnd.bancolombia.v4+json; charset=utf-8
API-Version: 1.0.1
RateLimit-Limit: 1/minute
Message-id: ssrojas
Strict-Transport-Security: max-age=31536000; includeSubDomains
X-Frame-Options: DENY
Content-Security-Policy: default-src 'self' *.bancolombia.com
X-Content-Type-Options: nosniff
Cache-Control: private, no-cache, no-store, max-age=0, no-transfor
Pragma: no-cache
Expires: 0
Content-Encoding: gzip
Set-Cookie: visid_incap_2677978=w83HSIDCRx6WE7TolQEQL6ZvhGEAAAAAQUIPAAAAAAASS1jQIqYX5R6TYmd184Am; expires=Fri, 04 Nov 2022 12:10:18 GMT; HttpOnly; path=/; Domain=.apps.ambientesbc.com; Secure; SameSite=None
Set-Cookie: nlbi_2677978=vaElCi6QCXBx9CInqDancAAAAAARS1lxCE3kYAM2dfpM89uc; path=/; Domain=.apps.ambientesbc.com; Secure; SameSite=None
Set-Cookie: incap_ses_468_2677978=RGjLMy94qxBtB5PxEKx+BqZvhGEAAAAANfC0L+CocFUGGP7jdNagvA==; path=/; Domain=.apps.ambientesbc.com; Secure; SameSite=None
Set-Cookie: ___utmvmKEukOSoZ=mMgFlMdJElF; path=/; Max-Age=900; Secure; SameSite=None
Set-Cookie: ___utmvaKEukOSoZ=TQG?OFwH; path=/; Max-Age=900; Secure; SameSite=None
Set-Cookie: ___utmvbKEukOSoZ=eZV XadOHaln: stt; path=/; Max-Age=900; Secure; SameSite=None
X-CDN: Imperva
X-Iinfo: 5-55494230-55493353 PNNN RT(1636069286011 384) q(0 0 0 -1) r(1 1) U6

{
    "meta": {
        "_messageId": "ssrojas",
        "_requestDateTime": "2021-11-04T18:41:26.489Z",
        "_applicationId": "68896986-d80e-454e-b73f-907f214d0504"
    },
    "status": 400,
    "title": "Bad Request",
    "errors": [
        {
            "code": "SA400",
            "detail": "Parametro String qrId es invalido o no cumple con la firma"
        }
    ]
}
Request method:	POST
Request URI:	https://api-qa.apps.ambientesbc.com/ext/testing/v1/sales-services/servicing/payment-initiation/qr-codes/intention
Proxy:			<none>
Request params:	<none>
Query params:	<none>
Form params:	<none>
Path params:	<none>
Headers:		x-ibm-client-secret=M7gM2tR7mY3wP2mG3xV8dN4wE1kY1lI2dG3bL6xR8wU1fX5vB8
				X-IBM-Client-Id=68896986-d80e-454e-b73f-907f214d0504
				message-id=ssrojas
				Accept=*/*
				Content-Type=application/json; charset=UTF-8
Cookies:		<none>
Multiparts:		<none>
Body:
{
    "data": {
        "intentionDetail": {
            "qrId": "2e850432-a8e6-472b-ac09-6eb9d44e6f12",
            "reference": "Pago de factura con Método QR - Recibido por caja # 7",
            "amount": "16700"
        },
        "invoice": {
            "commerceInvoiceId": "_#%aqui el commerce'id"
        },
        "customer": {
            "customerLoyaltyId": "0001"
        }
    }
}
HTTP/1.1 400 Bad Request
X-Backside-Transport: OK OK
Connection: Keep-Alive
Transfer-Encoding: chunked
Content-type: application/vnd.bancolombia.v4+json; charset=utf-8
API-Version: 1.0.1
RateLimit-Limit: 1/minute
Message-id: ssrojas
Strict-Transport-Security: max-age=31536000; includeSubDomains
X-Frame-Options: DENY
Content-Security-Policy: default-src 'self' *.bancolombia.com
X-Content-Type-Options: nosniff
Cache-Control: private, no-cache, no-store, max-age=0, no-transfor
Pragma: no-cache
Expires: 0
Content-Encoding: gzip
Set-Cookie: visid_incap_2677978=za/qh10AQj+vkQcgOXQ/qqdvhGEAAAAAQUIPAAAAAADSQDFl6Ga1ks+nZ5VDxOya; expires=Fri, 04 Nov 2022 12:10:19 GMT; HttpOnly; path=/; Domain=.apps.ambientesbc.com; Secure; SameSite=None
Set-Cookie: nlbi_2677978=vbvvdWXCj3rHrE3HqDancAAAAADlP8KO1N1+Cfag1Nd6PjU7; path=/; Domain=.apps.ambientesbc.com; Secure; SameSite=None
Set-Cookie: incap_ses_468_2677978=S8wVH6R9ig5RCJPxEKx+BqdvhGEAAAAAABIsBsrOkahvItGl7LxGig==; path=/; Domain=.apps.ambientesbc.com; Secure; SameSite=None
Set-Cookie: ___utmvmKEukOSoZ=GDFdnBjhFKL; path=/; Max-Age=900; Secure; SameSite=None
Set-Cookie: ___utmvaKEukOSoZ=LvD?ykHJ; path=/; Max-Age=900; Secure; SameSite=None
Set-Cookie: ___utmvbKEukOSoZ=vZn XaROealC: Yto; path=/; Max-Age=900; Secure; SameSite=None
X-CDN: Imperva
X-Iinfo: 1-24444726-24444511 PNNN RT(1636069286781 457) q(0 0 0 -1) r(1 1) U6

{
    "meta": {
        "_messageId": "ssrojas",
        "_requestDateTime": "2021-11-04T18:41:27.333Z",
        "_applicationId": "68896986-d80e-454e-b73f-907f214d0504"
    },
    "status": 400,
    "title": "Bad Request",
    "errors": [
        {
            "code": "SA400",
            "detail": "Parametro String commerceInvoiceId es invalido o no cumple con la firma"
        }
    ]
}
Request method:	POST
Request URI:	https://api-qa.apps.ambientesbc.com/ext/testing/v1/sales-services/servicing/payment-initiation/qr-codes/intention
Proxy:			<none>
Request params:	<none>
Query params:	<none>
Form params:	<none>
Path params:	<none>
Headers:		x-ibm-client-secret=M7gM2tR7mY3wP2mG3xV8dN4wE1kY1lI2dG3bL6xR8wU1fX5vB8
				X-IBM-Client-Id=68896986-d80e-454e-b73f-907f214d0504
				message-id=ssrojas
				Accept=*/*
				Content-Type=application/json; charset=UTF-8
Cookies:		<none>
Multiparts:		<none>
Body:
{
    "data": {
        "intentionDetail": {
            "qrId": "2e850432-a8e6-472b-ac09-6eb9d44e6f12",
            "reference": "Pago de factura con Método QR - Recibido por caja # 7",
            "amount": "15700"
        },
        "invoice": {
            "commerceInvoiceId": "&aqui el <commerceid/>"
        },
        "customer": {
            "customerLoyaltyId": "0001"
        }
    }
}
HTTP/1.1 400 Bad Request
X-Backside-Transport: OK OK
Connection: Keep-Alive
Transfer-Encoding: chunked
Content-type: application/vnd.bancolombia.v4+json; charset=utf-8
API-Version: 1.0.1
RateLimit-Limit: 1/minute
Message-id: ssrojas
Strict-Transport-Security: max-age=31536000; includeSubDomains
X-Frame-Options: DENY
Content-Security-Policy: default-src 'self' *.bancolombia.com
X-Content-Type-Options: nosniff
Cache-Control: private, no-cache, no-store, max-age=0, no-transfor
Pragma: no-cache
Expires: 0
Content-Encoding: gzip
Set-Cookie: visid_incap_2677978=qCFi2JFuQL2qpeAUZqktdqhvhGEAAAAAQUIPAAAAAAAKZuk6snGNl4V2fIiGymiM; expires=Fri, 04 Nov 2022 12:10:18 GMT; HttpOnly; path=/; Domain=.apps.ambientesbc.com; Secure; SameSite=None
Set-Cookie: nlbi_2677978=Z2TvexMV4TW5JtlQqDancAAAAABr5Z7amXvpyu8TQdRfunp6; path=/; Domain=.apps.ambientesbc.com; Secure; SameSite=None
Set-Cookie: incap_ses_468_2677978=/r7DE5wUKXAlCZPxEKx+BqhvhGEAAAAASPjOHmPKSDw0lAjnaJdOrw==; path=/; Domain=.apps.ambientesbc.com; Secure; SameSite=None
Set-Cookie: ___utmvmKEukOSoZ=bpUMSeUhMAt; path=/; Max-Age=900; Secure; SameSite=None
Set-Cookie: ___utmvaKEukOSoZ=TRx?FtfI; path=/; Max-Age=900; Secure; SameSite=None
Set-Cookie: ___utmvbKEukOSoZ=eZR XmMOUalC: etZ; path=/; Max-Age=900; Secure; SameSite=None
X-CDN: Imperva
X-Iinfo: 3-39152857-39151839 PNNN RT(1636069287623 384) q(0 0 0 -1) r(0 0) U6

{
    "meta": {
        "_messageId": "ssrojas",
        "_requestDateTime": "2021-11-04T18:41:28.106Z",
        "_applicationId": "68896986-d80e-454e-b73f-907f214d0504"
    },
    "status": 400,
    "title": "Bad Request",
    "errors": [
        {
            "code": "SA400",
            "detail": "Parametro String commerceInvoiceId es invalido o no cumple con la firma"
        }
    ]
}
Request method:	POST
Request URI:	https://api-qa.apps.ambientesbc.com/ext/testing/v1/sales-services/servicing/payment-initiation/qr-codes/intention
Proxy:			<none>
Request params:	<none>
Query params:	<none>
Form params:	<none>
Path params:	<none>
Headers:		x-ibm-client-secret=M7gM2tR7mY3wP2mG3xV8dN4wE1kY1lI2dG3bL6xR8wU1fX5vB8
				X-IBM-Client-Id=68896986-d80e-454e-b73f-907f214d0504
				message-id=ssrojas
				Accept=*/*
				Content-Type=application/json; charset=UTF-8
Cookies:		<none>
Multiparts:		<none>
Body:
{
    "data": {
        "intentionDetail": {
            "qrId": "2e850432-a8e6-472b-ac09-6eb9d44e6f12",
            "reference": "Pago de factura con Método QR - Recibido por caja # 7",
            "amount": "12700.78"
        },
        "invoice": {
            "commerceInvoiceId": "aqui el commerceid"
        },
        "customer": {
            "customerLoyaltyId": "_&%puntos0001"
        }
    }
}
HTTP/1.1 400 Bad Request
X-Backside-Transport: OK OK
Connection: Keep-Alive
Transfer-Encoding: chunked
Content-type: application/vnd.bancolombia.v4+json; charset=utf-8
API-Version: 1.0.1
RateLimit-Limit: 1/minute
Message-id: ssrojas
Strict-Transport-Security: max-age=31536000; includeSubDomains
X-Frame-Options: DENY
Content-Security-Policy: default-src 'self' *.bancolombia.com
X-Content-Type-Options: nosniff
Cache-Control: private, no-cache, no-store, max-age=0, no-transfor
Pragma: no-cache
Expires: 0
Content-Encoding: gzip
Set-Cookie: visid_incap_2677978=CgD93CiLSWGVDP1DuGxP3KhvhGEAAAAAQUIPAAAAAABMR445DB9tSc0OvMAiUqez; expires=Fri, 04 Nov 2022 12:10:18 GMT; HttpOnly; path=/; Domain=.apps.ambientesbc.com; Secure; SameSite=None
Set-Cookie: nlbi_2677978=wxrXIdJlORIT91lOqDancAAAAACJLJu1NH53tUw6YH8jt5wK; path=/; Domain=.apps.ambientesbc.com; Secure; SameSite=None
Set-Cookie: incap_ses_468_2677978=xe9FFuHjoiA4CpPxEKx+BqhvhGEAAAAAeOHGWAoN6UvnMt8iOGzlLQ==; path=/; Domain=.apps.ambientesbc.com; Secure; SameSite=None
Set-Cookie: ___utmvmKEukOSoZ=CFBQWvmLsiD; path=/; Max-Age=900; Secure; SameSite=None
Set-Cookie: ___utmvaKEukOSoZ=Kla?baCk; path=/; Max-Age=900; Secure; SameSite=None
Set-Cookie: ___utmvbKEukOSoZ=vZl XXGOJalx: QtX; path=/; Max-Age=900; Secure; SameSite=None
X-CDN: Imperva
X-Iinfo: 6-28763347-28763381 NNNN CT(28 28 0) RT(1636069288452 381) q(0 0 0 -1) r(1 1) U6

{
    "meta": {
        "_messageId": "ssrojas",
        "_requestDateTime": "2021-11-04T18:41:28.982Z",
        "_applicationId": "68896986-d80e-454e-b73f-907f214d0504"
    },
    "status": 400,
    "title": "Bad Request",
    "errors": [
        {
            "code": "SA400",
            "detail": "Parametro String customerLoyaltyId es invalido o no cumple con la firma"
        }
    ]
}
Request method:	POST
Request URI:	https://api-qa.apps.ambientesbc.com/ext/testing/v1/sales-services/servicing/payment-initiation/qr-codes/intention
Proxy:			<none>
Request params:	<none>
Query params:	<none>
Form params:	<none>
Path params:	<none>
Headers:		x-ibm-client-secret=M7gM2tR7mY3wP2mG3xV8dN4wE1kY1lI2dG3bL6xR8wU1fX5vB8
				X-IBM-Client-Id=68896986-d80e-454e-b73f-907f214d0504
				message-id=ssrojas
				Accept=*/*
				Content-Type=application/json; charset=UTF-8
Cookies:		<none>
Multiparts:		<none>
Body:
{
    "data": {
        "intentionDetail": {
            "qrId": "117c4e9d-f4e1-406b-bc76-ea5272fee6ead345-6868fg-78t",
            "reference": "Pago de factura con Método QR - Recibido por caja # 7",
            "amount": "1200"
        },
        "invoice": {
            "commerceInvoiceId": "commerceid"
        },
        "customer": {
            "customerLoyaltyId": "0001"
        }
    }
}
HTTP/1.1 400 Bad Request
X-Backside-Transport: OK OK
Connection: Keep-Alive
Transfer-Encoding: chunked
Content-type: application/vnd.bancolombia.v4+json; charset=utf-8
API-Version: 1.0.1
RateLimit-Limit: 1/minute
Message-id: ssrojas
Strict-Transport-Security: max-age=31536000; includeSubDomains
X-Frame-Options: DENY
Content-Security-Policy: default-src 'self' *.bancolombia.com
X-Content-Type-Options: nosniff
Cache-Control: private, no-cache, no-store, max-age=0, no-transfor
Pragma: no-cache
Expires: 0
Content-Encoding: gzip
Set-Cookie: visid_incap_2677978=iuBXiVL9RL2v+h7qu7Z5HqlvhGEAAAAAQUIPAAAAAAABt7+zCVk1wcqhrOedZHhe; expires=Fri, 04 Nov 2022 12:10:19 GMT; HttpOnly; path=/; Domain=.apps.ambientesbc.com; Secure; SameSite=None
Set-Cookie: nlbi_2677978=rQ/8GBWSN1RYEVfgqDancAAAAABIHSWuG8fNTh1DbHxL4alM; path=/; Domain=.apps.ambientesbc.com; Secure; SameSite=None
Set-Cookie: incap_ses_468_2677978=wo9sXEKAbi8kC5PxEKx+BqlvhGEAAAAAbPR8myAMycf5t2AQ8sPtiQ==; path=/; Domain=.apps.ambientesbc.com; Secure; SameSite=None
Set-Cookie: ___utmvmKEukOSoZ=pSOZJzAzxBS; path=/; Max-Age=900; Secure; SameSite=None
Set-Cookie: ___utmvaKEukOSoZ=YjE?sUtw; path=/; Max-Age=900; Secure; SameSite=None
Set-Cookie: ___utmvbKEukOSoZ=aZz XBPOralj: JtL; path=/; Max-Age=900; Secure; SameSite=None
X-CDN: Imperva
X-Iinfo: 7-38067058-38067088 NNNN CT(28 48 0) RT(1636069289293 402) q(0 0 1 -1) r(2 2) U6

{
    "meta": {
        "_messageId": "ssrojas",
        "_requestDateTime": "2021-11-04T18:41:29.865Z",
        "_applicationId": "68896986-d80e-454e-b73f-907f214d0504"
    },
    "status": 400,
    "title": "Bad Request",
    "errors": [
        {
            "code": "SA400",
            "detail": "La longitud del campo qrId es invalida, no cumple con la especificacion firma"
        }
    ]
}
Request method:	POST
Request URI:	https://api-qa.apps.ambientesbc.com/ext/testing/v1/sales-services/servicing/payment-initiation/qr-codes/intention
Proxy:			<none>
Request params:	<none>
Query params:	<none>
Form params:	<none>
Path params:	<none>
Headers:		x-ibm-client-secret=M7gM2tR7mY3wP2mG3xV8dN4wE1kY1lI2dG3bL6xR8wU1fX5vB8
				X-IBM-Client-Id=68896986-d80e-454e-b73f-907f214d0504
				message-id=ssrojas
				Accept=*/*
				Content-Type=application/json; charset=UTF-8
Cookies:		<none>
Multiparts:		<none>
Body:
{
    "data": {
        "intentionDetail": {
            "qrId": "2e850432-a8e6-472b-ac09-6eb9d44e6f12",
            "reference": "Pago de factura con Método QR - Recibido por caja # 7",
            "amount": "1200"
        },
        "invoice": {
            "commerceInvoiceId": "1234556"
        },
        "customer": {
            "customerLoyaltyId": "Lorem Ipsum is simpls"
        }
    }
}
HTTP/1.1 400 Bad Request
X-Backside-Transport: OK OK
Connection: Keep-Alive
Transfer-Encoding: chunked
Content-type: application/vnd.bancolombia.v4+json; charset=utf-8
API-Version: 1.0.1
RateLimit-Limit: 1/minute
Message-id: ssrojas
Strict-Transport-Security: max-age=31536000; includeSubDomains
X-Frame-Options: DENY
Content-Security-Policy: default-src 'self' *.bancolombia.com
X-Content-Type-Options: nosniff
Cache-Control: private, no-cache, no-store, max-age=0, no-transfor
Pragma: no-cache
Expires: 0
Content-Encoding: gzip
Set-Cookie: visid_incap_2677978=zkUmgkKLRs+jCVrHwxTrqqpvhGEAAAAAQUIPAAAAAADatFvE2zRBbLdUTLCy9/IL; expires=Fri, 04 Nov 2022 12:10:05 GMT; HttpOnly; path=/; Domain=.apps.ambientesbc.com; Secure; SameSite=None
Set-Cookie: nlbi_2677978=DYgAGWlg1G8n1lldqDancAAAAAD005bXTqOU68SlZmqC7VXC; path=/; Domain=.apps.ambientesbc.com; Secure; SameSite=None
Set-Cookie: incap_ses_468_2677978=LusaMPYr0m8IDJPxEKx+BqpvhGEAAAAA9bG0qVxdru5xUGvvNf1Xgw==; path=/; Domain=.apps.ambientesbc.com; Secure; SameSite=None
Set-Cookie: ___utmvmKEukOSoZ=OdfrNqqMAmu; path=/; Max-Age=900; Secure; SameSite=None
Set-Cookie: ___utmvaKEukOSoZ=Dkj?ZXCw; path=/; Max-Age=900; Secure; SameSite=None
Set-Cookie: ___utmvbKEukOSoZ=OZy XYJOmalw: Dtx; path=/; Max-Age=900; Secure; SameSite=None
X-CDN: Imperva
X-Iinfo: 8-45764156-45763423 PNNN RT(1636069290161 445) q(0 0 0 -1) r(0 0) U6

{
    "meta": {
        "_messageId": "ssrojas",
        "_requestDateTime": "2021-11-04T18:41:30.701Z",
        "_applicationId": "68896986-d80e-454e-b73f-907f214d0504"
    },
    "status": 400,
    "title": "Bad Request",
    "errors": [
        {
            "code": "SA400",
            "detail": "La longitud del campo customerLoyaltyId es invalida, no cumple con la especificacion firma"
        }
    ]
}
Request method:	POST
Request URI:	https://api-qa.apps.ambientesbc.com/ext/testing/v1/sales-services/servicing/payment-initiation/qr-codes/intention
Proxy:			<none>
Request params:	<none>
Query params:	<none>
Form params:	<none>
Path params:	<none>
Headers:		x-ibm-client-secret=M7gM2tR7mY3wP2mG3xV8dN4wE1kY1lI2dG3bL6xR8wU1fX5vB8
				X-IBM-Client-Id=68896986-d80e-454e-b73f-907f214d0504
				message-id=ssrojas
				Accept=*/*
				Content-Type=application/json; charset=UTF-8
Cookies:		<none>
Multiparts:		<none>
Body:
{
    "data": {
        "intentionDetail": {
            "qrId": "2e850432-a8e6-472b-ac09-6eb9d44e6f12",
            "reference": "Pago de factura con Método QR - Recibido por caja # 7",
            "amount": "12000000007.23"
        },
        "invoice": {
            "commerceInvoiceId": "pv5266"
        },
        "customer": {
            "customerLoyaltyId": "0001"
        }
    }
}
HTTP/1.1 400 Bad Request
X-Backside-Transport: OK OK
Connection: Keep-Alive
Transfer-Encoding: chunked
Content-type: application/vnd.bancolombia.v4+json; charset=utf-8
API-Version: 1.0.1
RateLimit-Limit: 1/minute
Message-id: ssrojas
Strict-Transport-Security: max-age=31536000; includeSubDomains
X-Frame-Options: DENY
Content-Security-Policy: default-src 'self' *.bancolombia.com
X-Content-Type-Options: nosniff
Cache-Control: private, no-cache, no-store, max-age=0, no-transfor
Pragma: no-cache
Expires: 0
Content-Encoding: gzip
Set-Cookie: visid_incap_2677978=vSV7d29pRLWy2hRaUQf6UatvhGEAAAAAQUIPAAAAAADwZP3SgnR7oRgm7PQ3HVZX; expires=Fri, 04 Nov 2022 12:10:18 GMT; HttpOnly; path=/; Domain=.apps.ambientesbc.com; Secure; SameSite=None
Set-Cookie: nlbi_2677978=r5zlACTvZwptUJomqDancAAAAAALNHZFNJIBYCX43/UC0pry; path=/; Domain=.apps.ambientesbc.com; Secure; SameSite=None
Set-Cookie: incap_ses_468_2677978=8jvxdNZIrwYLDZPxEKx+BqtvhGEAAAAAtw6XDErfwLZmfgmN/IIFLw==; path=/; Domain=.apps.ambientesbc.com; Secure; SameSite=None
Set-Cookie: ___utmvmKEukOSoZ=uYcHvNUTvFY; path=/; Max-Age=900; Secure; SameSite=None
Set-Cookie: ___utmvaKEukOSoZ=azR?YenX; path=/; Max-Age=900; Secure; SameSite=None
Set-Cookie: ___utmvbKEukOSoZ=mZu XETOUalq: jtg; path=/; Max-Age=900; Secure; SameSite=None
X-CDN: Imperva
X-Iinfo: 5-55495288-55493353 PNNN RT(1636069290976 469) q(0 0 0 -1) r(1 1) U6

{
    "meta": {
        "_messageId": "ssrojas",
        "_requestDateTime": "2021-11-04T18:41:31.543Z",
        "_applicationId": "68896986-d80e-454e-b73f-907f214d0504"
    },
    "status": 400,
    "title": "Bad Request",
    "errors": [
        {
            "code": "SA400",
            "detail": "El campo:amount de formato Decimal, no cumple con la especificacion de la firma"
        }
    ]
}
Request method:	POST
Request URI:	https://api-qa.apps.ambientesbc.com/ext/testing/v1/sales-services/servicing/payment-initiation/qr-codes/intention
Proxy:			<none>
Request params:	<none>
Query params:	<none>
Form params:	<none>
Path params:	<none>
Headers:		x-ibm-client-secret=M7gM2tR7mY3wP2mG3xV8dN4wE1kY1lI2dG3bL6xR8wU1fX5vB8
				X-IBM-Client-Id=68896986-d80e-454e-b73f-907f214d0504
				message-id=ssrojas
				Accept=*/*
				Content-Type=application/json; charset=UTF-8
Cookies:		<none>
Multiparts:		<none>
Body:
{
    "data": {
        "intentionDetail": {
            "qrId": "2e850432-a8e6-472b-ac09-6eb9d44e6f12",
            "reference": "Pago de factura con Método QR - Recibido por caja # 7",
            "amount": "160"
        },
        "invoice": {
            "commerceInvoiceId": "Lorem Ipsum is simply dummy text of the Lorem Ipsum"
        },
        "customer": {
            "customerLoyaltyId": "0001"
        }
    }
}
HTTP/1.1 400 Bad Request
X-Backside-Transport: OK OK
Connection: Keep-Alive
Transfer-Encoding: chunked
Content-type: application/vnd.bancolombia.v4+json; charset=utf-8
API-Version: 1.0.1
RateLimit-Limit: 1/minute
Message-id: ssrojas
Strict-Transport-Security: max-age=31536000; includeSubDomains
X-Frame-Options: DENY
Content-Security-Policy: default-src 'self' *.bancolombia.com
X-Content-Type-Options: nosniff
Cache-Control: private, no-cache, no-store, max-age=0, no-transfor
Pragma: no-cache
Expires: 0
Content-Encoding: gzip
Set-Cookie: visid_incap_2677978=hl7Mpf+NQsCBvkXwkLBwAqxvhGEAAAAAQUIPAAAAAAC2ekEpI0dwMP5r5nZFuRSk; expires=Fri, 04 Nov 2022 12:10:18 GMT; HttpOnly; path=/; Domain=.apps.ambientesbc.com; Secure; SameSite=None
Set-Cookie: nlbi_2677978=mXB8GZut7njGTCpYqDancAAAAADQLdM2FIe58MLgOhPb3v2u; path=/; Domain=.apps.ambientesbc.com; Secure; SameSite=None
Set-Cookie: incap_ses_468_2677978=K1fzJFE59ED5DZPxEKx+BqxvhGEAAAAApQ4wT5Ic1sAA3PhLVSHRHQ==; path=/; Domain=.apps.ambientesbc.com; Secure; SameSite=None
Set-Cookie: ___utmvmKEukOSoZ=fTLYJGDCawt; path=/; Max-Age=900; Secure; SameSite=None
Set-Cookie: ___utmvaKEukOSoZ=YWp?QeRu; path=/; Max-Age=900; Secure; SameSite=None
Set-Cookie: ___utmvbKEukOSoZ=LZG XkMOralq: ftz; path=/; Max-Age=900; Secure; SameSite=None
X-CDN: Imperva
X-Iinfo: 3-39153480-39153529 NNNN CT(29 28 0) RT(1636069291948 379) q(0 0 0 -1) r(1 1) U6

{
    "meta": {
        "_messageId": "ssrojas",
        "_requestDateTime": "2021-11-04T18:41:32.477Z",
        "_applicationId": "68896986-d80e-454e-b73f-907f214d0504"
    },
    "status": 400,
    "title": "Bad Request",
    "errors": [
        {
            "code": "SA400",
            "detail": "La longitud del campo commerceInvoiceId es invalida, no cumple con la especificacion firma"
        }
    ]
}
Request method:	POST
Request URI:	https://api-qa.apps.ambientesbc.com/ext/testing/v1/sales-services/servicing/payment-initiation/qr-codes/intention
Proxy:			<none>
Request params:	<none>
Query params:	<none>
Form params:	<none>
Path params:	<none>
Headers:		x-ibm-client-secret=M7gM2tR7mY3wP2mG3xV8dN4wE1kY1lI2dG3bL6xR8wU1fX5vB8
				X-IBM-Client-Id=68896986-d80e-454e-b73f-907f214d0504
				message-id=ssrojas
				Accept=*/*
				Content-Type=application/json; charset=UTF-8
Cookies:		<none>
Multiparts:		<none>
Body:
{
    "data": {
        "intentionDetail": {
            "qrId": "2e850432-a8e6-472b-ac09-6eb9d44e6f12",
            "reference": "Lorem Ipsum is simply dummy text of the printing and typesetting industry. Lorem Ipsum has been the industry's standard dummy text ever since the 1500s, when an unknown printer took a galley of type an",
            "amount": "1200.98"
        },
        "invoice": {
            "commerceInvoiceId": "pv5287"
        },
        "customer": {
            "customerLoyaltyId": "0001"
        }
    }
}
HTTP/1.1 400 Bad Request
X-Backside-Transport: OK OK
Connection: Keep-Alive
Transfer-Encoding: chunked
Content-type: application/vnd.bancolombia.v4+json; charset=utf-8
API-Version: 1.0.1
RateLimit-Limit: 1/minute
Message-id: ssrojas
Strict-Transport-Security: max-age=31536000; includeSubDomains
X-Frame-Options: DENY
Content-Security-Policy: default-src 'self' *.bancolombia.com
X-Content-Type-Options: nosniff
Cache-Control: private, no-cache, no-store, max-age=0, no-transfor
Pragma: no-cache
Expires: 0
Content-Encoding: gzip
Set-Cookie: visid_incap_2677978=AJiowYTpRo2caaYBXHuMK61vhGEAAAAAQUIPAAAAAABsB7ydA6WIhb3TmqraE2Wc; expires=Fri, 04 Nov 2022 12:10:18 GMT; HttpOnly; path=/; Domain=.apps.ambientesbc.com; Secure; SameSite=None
Set-Cookie: nlbi_2677978=q8PjbRe6p2t8kWgVqDancAAAAABc2ndNrKu6M917rZvO1j+0; path=/; Domain=.apps.ambientesbc.com; Secure; SameSite=None
Set-Cookie: incap_ses_468_2677978=CBBmTIaINifwDpPxEKx+Bq1vhGEAAAAA888Vt1V1HouBIKmj0lZU0Q==; path=/; Domain=.apps.ambientesbc.com; Secure; SameSite=None
Set-Cookie: ___utmvmKEukOSoZ=VMqUdhZlGhg; path=/; Max-Age=900; Secure; SameSite=None
Set-Cookie: ___utmvaKEukOSoZ=zCE?Klek; path=/; Max-Age=900; Secure; SameSite=None
Set-Cookie: ___utmvbKEukOSoZ=XZx XfqOualB: YtY; path=/; Max-Age=900; Secure; SameSite=None
X-CDN: Imperva
X-Iinfo: 10-48557917-48557987 NNNN CT(37 28 0) RT(1636069292763 435) q(0 0 1 -1) r(2 2) U6

{
    "meta": {
        "_messageId": "ssrojas",
        "_requestDateTime": "2021-11-04T18:41:33.355Z",
        "_applicationId": "68896986-d80e-454e-b73f-907f214d0504"
    },
    "status": 400,
    "title": "Bad Request",
    "errors": [
        {
            "code": "SA400",
            "detail": "Parametro String reference es invalido o no cumple con la firma"
        }
    ]
}
Request method:	POST
Request URI:	https://api-qa.apps.ambientesbc.com/ext/testing/v1/sales-services/servicing/payment-initiation/qr-codes/intention
Proxy:			<none>
Request params:	<none>
Query params:	<none>
Form params:	<none>
Path params:	<none>
Headers:		x-ibm-client-secret=M7gM2tR7mY3wP2mG3xV8dN4wE1kY1lI2dG3bL6xR8wU1fX5vB8
				X-IBM-Client-Id=68896986-d80e-454e-b73f-907f214d0504
				message-id=ssrojas
				Accept=*/*
				Content-Type=application/json; charset=UTF-8
Cookies:		<none>
Multiparts:		<none>
Body:
{
    "data": {
        "intentionDetail": {
            "qrId": "",
            "reference": "",
            "amount": ""
        },
        "invoice": {
            "commerceInvoiceId": ""
        },
        "customer": {
            "customerLoyaltyId": ""
        }
    }
}
HTTP/1.1 400 Bad Request
X-Backside-Transport: OK OK
Connection: Keep-Alive
Transfer-Encoding: chunked
Content-type: application/vnd.bancolombia.v4+json; charset=utf-8
API-Version: 1.0.1
RateLimit-Limit: 1/minute
Message-id: ssrojas
Strict-Transport-Security: max-age=31536000; includeSubDomains
X-Frame-Options: DENY
Content-Security-Policy: default-src 'self' *.bancolombia.com
X-Content-Type-Options: nosniff
Cache-Control: private, no-cache, no-store, max-age=0, no-transfor
Pragma: no-cache
Expires: 0
Content-Encoding: gzip
Set-Cookie: visid_incap_2677978=n0zl/D54Q4+sSlXeMXvYyK5vhGEAAAAAQUIPAAAAAAA/oqE2KdqyRON9+5pYz0N5; expires=Fri, 04 Nov 2022 12:10:18 GMT; HttpOnly; path=/; Domain=.apps.ambientesbc.com; Secure; SameSite=None
Set-Cookie: nlbi_2677978=BLduKZ1Y8kIgEa5LqDancAAAAABeGrUrgU7B42KynsaOrfEl; path=/; Domain=.apps.ambientesbc.com; Secure; SameSite=None
Set-Cookie: incap_ses_468_2677978=Fv9wdp2MFnDBD5PxEKx+Bq5vhGEAAAAAxuBqZkUloK2tgwE4L4Mvng==; path=/; Domain=.apps.ambientesbc.com; Secure; SameSite=None
Set-Cookie: ___utmvmKEukOSoZ=IJYUADkMnlO; path=/; Max-Age=900; Secure; SameSite=None
Set-Cookie: ___utmvaKEukOSoZ=ghn?SvfX; path=/; Max-Age=900; Secure; SameSite=None
Set-Cookie: ___utmvbKEukOSoZ=mZI XmdODalJ: ptp; path=/; Max-Age=900; Secure; SameSite=None
X-CDN: Imperva
X-Iinfo: 6-28763811-28763381 PNNN RT(1636069293669 381) q(0 0 0 -1) r(1 1) U6

{
    "meta": {
        "_messageId": "ssrojas",
        "_requestDateTime": "2021-11-04T18:41:34.143Z",
        "_applicationId": "68896986-d80e-454e-b73f-907f214d0504"
    },
    "status": 400,
    "title": "Bad Request",
    "errors": [
        {
            "code": "SA400",
            "detail": "El campo qrId no se esta enviando en la peticion, válida la firma"
        },
        {
            "code": "SA400",
            "detail": "El campo: amount de formato Decimal, no ha sido enviando o se esta enviando vacio"
        },
        {
            "code": "SA400",
            "detail": "El campo commerceInvoiceId no se esta enviando en la peticion, válida la firma"
        },
        {
            "code": "SA400",
            "detail": "El campo customerLoyaltyId no se esta enviando en la peticion, válida la firma"
        }
    ]
}
]]></system-out>
  <system-err><![CDATA[[Test worker] INFO net.thucydides.core.steps.ConsoleLoggingListener - 
        __    _____ _____ ____ _____   ____   _    ____  ____  _____ ____  
  _     \ \  |_   _| ____/ ___|_   _| |  _ \ / \  / ___|/ ___|| ____|  _ \ 
 (_)_____| |   | | |  _| \___ \ | |   | |_) / _ \ \___ \\___ \|  _| | | | |
  _|_____| |   | | | |___ ___) || |   |  __/ ___ \ ___) |___) | |___| |_| |
 (_)     | |   |_| |_____|____/ |_|   |_| /_/   \_\____/|____/|_____|____/ 
        /_/                                                                

TEST PASSED: Crear intencion de compra con campos faltantes en su estructura
----------------------------------------------------------------------------
[Test worker] INFO net.thucydides.core.steps.ConsoleLoggingListener - 
        __    _____ _____ ____ _____   ____   _    ____  ____  _____ ____  
  _     \ \  |_   _| ____/ ___|_   _| |  _ \ / \  / ___|/ ___|| ____|  _ \ 
 (_)_____| |   | | |  _| \___ \ | |   | |_) / _ \ \___ \\___ \|  _| | | | |
  _|_____| |   | | | |___ ___) || |   |  __/ ___ \ ___) |___) | |___| |_| |
 (_)     | |   |_| |_____|____/ |_|   |_| /_/   \_\____/|____/|_____|____/ 
        /_/                                                                

TEST PASSED: Crear intencion de compra con campos faltantes en su estructura
----------------------------------------------------------------------------
[Test worker] INFO net.thucydides.core.steps.ConsoleLoggingListener - 
        __    _____ _____ ____ _____   ____   _    ____  ____  _____ ____  
  _     \ \  |_   _| ____/ ___|_   _| |  _ \ / \  / ___|/ ___|| ____|  _ \ 
 (_)_____| |   | | |  _| \___ \ | |   | |_) / _ \ \___ \\___ \|  _| | | | |
  _|_____| |   | | | |___ ___) || |   |  __/ ___ \ ___) |___) | |___| |_| |
 (_)     | |   |_| |_____|____/ |_|   |_| /_/   \_\____/|____/|_____|____/ 
        /_/                                                                

TEST PASSED: Crear intencion de compra con campos faltantes en su estructura
----------------------------------------------------------------------------
[Test worker] INFO net.thucydides.core.steps.ConsoleLoggingListener - 
        __    _____ _____ ____ _____   ____   _    ____  ____  _____ ____  
  _     \ \  |_   _| ____/ ___|_   _| |  _ \ / \  / ___|/ ___|| ____|  _ \ 
 (_)_____| |   | | |  _| \___ \ | |   | |_) / _ \ \___ \\___ \|  _| | | | |
  _|_____| |   | | | |___ ___) || |   |  __/ ___ \ ___) |___) | |___| |_| |
 (_)     | |   |_| |_____|____/ |_|   |_| /_/   \_\____/|____/|_____|____/ 
        /_/                                                                

TEST PASSED: Crear intencion de compra con campos faltantes en su estructura
----------------------------------------------------------------------------
[Test worker] INFO net.thucydides.core.steps.ConsoleLoggingListener - 
        __    _____ _____ ____ _____   ____   _    ____  ____  _____ ____  
  _     \ \  |_   _| ____/ ___|_   _| |  _ \ / \  / ___|/ ___|| ____|  _ \ 
 (_)_____| |   | | |  _| \___ \ | |   | |_) / _ \ \___ \\___ \|  _| | | | |
  _|_____| |   | | | |___ ___) || |   |  __/ ___ \ ___) |___) | |___| |_| |
 (_)     | |   |_| |_____|____/ |_|   |_| /_/   \_\____/|____/|_____|____/ 
        /_/                                                                

TEST PASSED: Crear intencion de compra con campos faltantes en su estructura
----------------------------------------------------------------------------
[Test worker] INFO net.thucydides.core.steps.ConsoleLoggingListener - 
        __    _____ _____ ____ _____   ____   _    ____  ____  _____ ____  
  _     \ \  |_   _| ____/ ___|_   _| |  _ \ / \  / ___|/ ___|| ____|  _ \ 
 (_)_____| |   | | |  _| \___ \ | |   | |_) / _ \ \___ \\___ \|  _| | | | |
  _|_____| |   | | | |___ ___) || |   |  __/ ___ \ ___) |___) | |___| |_| |
 (_)     | |   |_| |_____|____/ |_|   |_| /_/   \_\____/|____/|_____|____/ 
        /_/                                                                

TEST PASSED: Crear intencion de compra con campos faltantes en su estructura
----------------------------------------------------------------------------
[Test worker] INFO net.thucydides.core.steps.ConsoleLoggingListener - 
        __    _____ _____ ____ _____   ____   _    ____  ____  _____ ____  
  _     \ \  |_   _| ____/ ___|_   _| |  _ \ / \  / ___|/ ___|| ____|  _ \ 
 (_)_____| |   | | |  _| \___ \ | |   | |_) / _ \ \___ \\___ \|  _| | | | |
  _|_____| |   | | | |___ ___) || |   |  __/ ___ \ ___) |___) | |___| |_| |
 (_)     | |   |_| |_____|____/ |_|   |_| /_/   \_\____/|____/|_____|____/ 
        /_/                                                                

TEST PASSED: Crear intencion de compra con campos faltantes en su estructura
----------------------------------------------------------------------------
[Test worker] INFO net.thucydides.core.steps.ConsoleLoggingListener - 
        __    _____ _____ ____ _____   ____   _    ____  ____  _____ ____  
  _     \ \  |_   _| ____/ ___|_   _| |  _ \ / \  / ___|/ ___|| ____|  _ \ 
 (_)_____| |   | | |  _| \___ \ | |   | |_) / _ \ \___ \\___ \|  _| | | | |
  _|_____| |   | | | |___ ___) || |   |  __/ ___ \ ___) |___) | |___| |_| |
 (_)     | |   |_| |_____|____/ |_|   |_| /_/   \_\____/|____/|_____|____/ 
        /_/                                                                

TEST PASSED: Crear intencion de compra con campos faltantes en su estructura
----------------------------------------------------------------------------
[Test worker] INFO net.thucydides.core.steps.ConsoleLoggingListener - 
        __    _____ _____ ____ _____   ____   _    ____  ____  _____ ____  
  _     \ \  |_   _| ____/ ___|_   _| |  _ \ / \  / ___|/ ___|| ____|  _ \ 
 (_)_____| |   | | |  _| \___ \ | |   | |_) / _ \ \___ \\___ \|  _| | | | |
  _|_____| |   | | | |___ ___) || |   |  __/ ___ \ ___) |___) | |___| |_| |
 (_)     | |   |_| |_____|____/ |_|   |_| /_/   \_\____/|____/|_____|____/ 
        /_/                                                                

TEST PASSED: Crear intencion de compra con campos faltantes en su estructura
----------------------------------------------------------------------------
[Test worker] INFO net.thucydides.core.steps.ConsoleLoggingListener - 
        __    _____ _____ ____ _____   ____   _    ____  ____  _____ ____  
  _     \ \  |_   _| ____/ ___|_   _| |  _ \ / \  / ___|/ ___|| ____|  _ \ 
 (_)_____| |   | | |  _| \___ \ | |   | |_) / _ \ \___ \\___ \|  _| | | | |
  _|_____| |   | | | |___ ___) || |   |  __/ ___ \ ___) |___) | |___| |_| |
 (_)     | |   |_| |_____|____/ |_|   |_| /_/   \_\____/|____/|_____|____/ 
        /_/                                                                

TEST PASSED: Crear intencion de compra con campos faltantes en su estructura
----------------------------------------------------------------------------
[Test worker] INFO net.thucydides.core.steps.ConsoleLoggingListener - 
        __    _____ _____ ____ _____   ____   _    ____  ____  _____ ____  
  _     \ \  |_   _| ____/ ___|_   _| |  _ \ / \  / ___|/ ___|| ____|  _ \ 
 (_)_____| |   | | |  _| \___ \ | |   | |_) / _ \ \___ \\___ \|  _| | | | |
  _|_____| |   | | | |___ ___) || |   |  __/ ___ \ ___) |___) | |___| |_| |
 (_)     | |   |_| |_____|____/ |_|   |_| /_/   \_\____/|____/|_____|____/ 
        /_/                                                                

TEST PASSED: Crear intencion de compra con campos faltantes en su estructura
----------------------------------------------------------------------------
[Test worker] INFO net.thucydides.core.steps.ConsoleLoggingListener - 
        __    _____ _____ ____ _____   ____   _    ____  ____  _____ ____  
  _     \ \  |_   _| ____/ ___|_   _| |  _ \ / \  / ___|/ ___|| ____|  _ \ 
 (_)_____| |   | | |  _| \___ \ | |   | |_) / _ \ \___ \\___ \|  _| | | | |
  _|_____| |   | | | |___ ___) || |   |  __/ ___ \ ___) |___) | |___| |_| |
 (_)     | |   |_| |_____|____/ |_|   |_| /_/   \_\____/|____/|_____|____/ 
        /_/                                                                

TEST PASSED: Crear intencion de compra con campos faltantes en su estructura
----------------------------------------------------------------------------
[Test worker] INFO net.thucydides.core.steps.ConsoleLoggingListener - 
        __    _____ _____ ____ _____   ____   _    ____  ____  _____ ____  
  _     \ \  |_   _| ____/ ___|_   _| |  _ \ / \  / ___|/ ___|| ____|  _ \ 
 (_)_____| |   | | |  _| \___ \ | |   | |_) / _ \ \___ \\___ \|  _| | | | |
  _|_____| |   | | | |___ ___) || |   |  __/ ___ \ ___) |___) | |___| |_| |
 (_)     | |   |_| |_____|____/ |_|   |_| /_/   \_\____/|____/|_____|____/ 
        /_/                                                                

TEST PASSED: Crear intencion de compra con campos faltantes en su estructura
----------------------------------------------------------------------------
[Test worker] INFO net.thucydides.core.steps.ConsoleLoggingListener - 
        __    _____ _____ ____ _____   ____   _    ____  ____  _____ ____  
  _     \ \  |_   _| ____/ ___|_   _| |  _ \ / \  / ___|/ ___|| ____|  _ \ 
 (_)_____| |   | | |  _| \___ \ | |   | |_) / _ \ \___ \\___ \|  _| | | | |
  _|_____| |   | | | |___ ___) || |   |  __/ ___ \ ___) |___) | |___| |_| |
 (_)     | |   |_| |_____|____/ |_|   |_| /_/   \_\____/|____/|_____|____/ 
        /_/                                                                

TEST PASSED: Crear intencion de compra con campos faltantes en su estructura
----------------------------------------------------------------------------
[Test worker] INFO net.thucydides.core.steps.ConsoleLoggingListener - 
        __    _____ _____ ____ _____   ____   _    ____  ____  _____ ____  
  _     \ \  |_   _| ____/ ___|_   _| |  _ \ / \  / ___|/ ___|| ____|  _ \ 
 (_)_____| |   | | |  _| \___ \ | |   | |_) / _ \ \___ \\___ \|  _| | | | |
  _|_____| |   | | | |___ ___) || |   |  __/ ___ \ ___) |___) | |___| |_| |
 (_)     | |   |_| |_____|____/ |_|   |_| /_/   \_\____/|____/|_____|____/ 
        /_/                                                                

TEST PASSED: Crear intencion de compra con campos faltantes en su estructura
----------------------------------------------------------------------------
[Test worker] INFO net.thucydides.core.steps.ConsoleLoggingListener - 
        __    _____ _____ ____ _____   ____   _    ____  ____  _____ ____  
  _     \ \  |_   _| ____/ ___|_   _| |  _ \ / \  / ___|/ ___|| ____|  _ \ 
 (_)_____| |   | | |  _| \___ \ | |   | |_) / _ \ \___ \\___ \|  _| | | | |
  _|_____| |   | | | |___ ___) || |   |  __/ ___ \ ___) |___) | |___| |_| |
 (_)     | |   |_| |_____|____/ |_|   |_| /_/   \_\____/|____/|_____|____/ 
        /_/                                                                

TEST PASSED: Crear intencion de compra con campos faltantes en su estructura
----------------------------------------------------------------------------
]]></system-err>
</testsuite>
