<?xml version="1.0" encoding="UTF-8"?>
<testsuite name="Servicio listar vinculacion" tests="1" skipped="0" failures="0" errors="0" timestamp="2021-12-28T22:10:54" hostname="50HW015303" time="18.752">
  <properties/>
  <testcase name="Consultar Informacion de vinculación" classname="Servicio listar vinculacion" time="18.752"/>
  <system-out><![CDATA[Request method:	GET
Request URI:	https://mp-vpn-qa.apps.ambientesbc.com/pago-sin-friccion/api/v1/vinculation-list/get-all?paginationKey=&paginationSize=50
Proxy:			<none>
Request params:	<none>
Query params:	paginationKey=
				paginationSize=50
Form params:	<none>
Path params:	<none>
Headers:		Accept=*/*
Cookies:		<none>
Multiparts:		<none>
Body:			<none>
HTTP/1.1 400 Bad Request
Date: Tue, 28 Dec 2021 22:12:20 GMT
Content-Type: application/json
Content-Length: 468
Connection: keep-alive
x-envoy-upstream-service-time: 9
server: undefined

{
    "meta": {
        "_messageId": "80e40597-155a-4252-ad93-f24172a7bbbf",
        "_version": "1.0",
        "_requestDate": "2021-12-28 17:12:20",
        "_clientRequest": "2390ba6f-1614",
        "additionalProp1": null
    },
    "errors": {
        "id": "80e40597-155a-4252-ad93-f24172a7bbbf",
        "href": "http://mp-vpn-qa.apps.ambientesbc.com/api/v1/vinculation-list/get-all?paginationKey=&paginationSize=50",
        "status": 400,
        "code": "QR-B0002",
        "title": "ERROR EN QUERYPARAMS",
        "detail": "Revise los campos requeridos y sus formatos en la firma"
    }
}
]]></system-out>
  <system-err><![CDATA[[Test worker] INFO net.thucydides.core.steps.ConsoleLoggingListener - 
        __    _____ _____ ____ _____   ____   _    ____  ____  _____ ____  
  _     \ \  |_   _| ____/ ___|_   _| |  _ \ / \  / ___|/ ___|| ____|  _ \ 
 (_)_____| |   | | |  _| \___ \ | |   | |_) / _ \ \___ \\___ \|  _| | | | |
  _|_____| |   | | | |___ ___) || |   |  __/ ___ \ ___) |___) | |___| |_| |
 (_)     | |   |_| |_____|____/ |_|   |_| /_/   \_\____/|____/|_____|____/ 
        /_/                                                                

TEST PASSED: Consultar Informacion de vinculación
----------------------------------------------------------------------------
]]></system-err>
</testsuite>
